<?xml version="1.0" encoding="UTF-8"?>
<testng-results skipped="0" failed="0" ignored="0" total="1" passed="1">
  <reporter-output>
  </reporter-output>
  <suite name="Suite" duration-ms="1099" started-at="2021-04-26T16:16:11Z" finished-at="2021-04-26T16:16:12Z">
    <groups>
    </groups>
    <test name="Test" duration-ms="1099" started-at="2021-04-26T16:16:11Z" finished-at="2021-04-26T16:16:12Z">
      <class name="spotivityAgencyTestcases.loginTestcase">
        <test-method status="PASS" signature="setUp()[pri:0, instance:spotivityAgencyTestcases.loginTestcase@29774679]" name="setUp" is-config="true" duration-ms="13581" started-at="2021-04-26T16:15:57Z" finished-at="2021-04-26T16:16:11Z">
          <reporter-output>
          </reporter-output>
        </test-method> <!-- setUp -->
        <test-method status="PASS" signature="startTest()[pri:0, instance:spotivityAgencyTestcases.loginTestcase@29774679]" name="startTest" is-config="true" duration-ms="1" started-at="2021-04-26T16:16:11Z" finished-at="2021-04-26T16:16:11Z">
          <reporter-output>
          </reporter-output>
        </test-method> <!-- startTest -->
        <test-method status="PASS" signature="loginPage()[pri:2, instance:spotivityAgencyTestcases.loginTestcase@29774679]" name="loginPage" duration-ms="528" started-at="2021-04-26T16:16:11Z" finished-at="2021-04-26T16:16:11Z">
          <reporter-output>
          </reporter-output>
        </test-method> <!-- loginPage -->
        <test-method status="PASS" signature="endTest()[pri:0, instance:spotivityAgencyTestcases.loginTestcase@29774679]" name="endTest" is-config="true" duration-ms="523" started-at="2021-04-26T16:16:11Z" finished-at="2021-04-26T16:16:12Z">
          <reporter-output>
          </reporter-output>
        </test-method> <!-- endTest -->
        <test-method status="PASS" signature="closeBrowser()[pri:0, instance:spotivityAgencyTestcases.loginTestcase@29774679]" name="closeBrowser" is-config="true" duration-ms="0" started-at="2021-04-26T16:16:12Z" finished-at="2021-04-26T16:16:12Z">
          <reporter-output>
          </reporter-output>
        </test-method> <!-- closeBrowser -->
      </class> <!-- spotivityAgencyTestcases.loginTestcase -->
    </test> <!-- Test -->
  </suite> <!-- Suite -->
</testng-results>
