<?xml version="1.0" encoding="UTF-8"?>
<testng-results skipped="0" failed="0" ignored="0" total="1" passed="1">
  <reporter-output>
  </reporter-output>
  <suite name="Suite" duration-ms="2758" started-at="2021-04-26T07:01:39Z" finished-at="2021-04-26T07:01:42Z">
    <groups>
    </groups>
    <test name="Test" duration-ms="2758" started-at="2021-04-26T07:01:39Z" finished-at="2021-04-26T07:01:42Z">
      <class name="spotivityAgencyTestcases.loginTestcase">
        <test-method status="PASS" signature="setUp()[pri:0, instance:spotivityAgencyTestcases.loginTestcase@675d3402]" name="setUp" is-config="true" duration-ms="24743" started-at="2021-04-26T07:01:14Z" finished-at="2021-04-26T07:01:39Z">
          <reporter-output>
          </reporter-output>
        </test-method> <!-- setUp -->
        <test-method status="PASS" signature="startTest()[pri:0, instance:spotivityAgencyTestcases.loginTestcase@675d3402]" name="startTest" is-config="true" duration-ms="0" started-at="2021-04-26T07:01:39Z" finished-at="2021-04-26T07:01:39Z">
          <reporter-output>
          </reporter-output>
        </test-method> <!-- startTest -->
        <test-method status="PASS" signature="loginPage()[pri:2, instance:spotivityAgencyTestcases.loginTestcase@675d3402]" name="loginPage" duration-ms="1373" started-at="2021-04-26T07:01:39Z" finished-at="2021-04-26T07:01:41Z">
          <reporter-output>
          </reporter-output>
        </test-method> <!-- loginPage -->
        <test-method status="PASS" signature="endTest()[pri:0, instance:spotivityAgencyTestcases.loginTestcase@675d3402]" name="endTest" is-config="true" duration-ms="1306" started-at="2021-04-26T07:01:41Z" finished-at="2021-04-26T07:01:42Z">
          <reporter-output>
          </reporter-output>
        </test-method> <!-- endTest -->
        <test-method status="PASS" signature="closeBrowser()[pri:0, instance:spotivityAgencyTestcases.loginTestcase@675d3402]" name="closeBrowser" is-config="true" duration-ms="0" started-at="2021-04-26T07:01:42Z" finished-at="2021-04-26T07:01:42Z">
          <reporter-output>
          </reporter-output>
        </test-method> <!-- closeBrowser -->
      </class> <!-- spotivityAgencyTestcases.loginTestcase -->
    </test> <!-- Test -->
  </suite> <!-- Suite -->
</testng-results>
